# JRE version: OpenJDK Runtime Environment GraalVM CE 22.3.0 (17.0.5+8) (build 17.0.5+8-jvmci-22.3-b08)
# Java VM: OpenJDK 64-Bit Server VM GraalVM CE 22.3.0 (17.0.5+8-jvmci-22.3-b08, mixed mode, sharing, tiered, jvmci, jvmci compiler, compressed oops, compressed class ptrs, parallel gc, linux-amd64)
GC Precious Log:
 CPUs: 8 total, 1 available
 Memory: 1024M
 Large Page Support: Disabled
 NUMA Support: Disabled
 Compressed Oops: Enabled (32-bit)
 Alignments: Space 512K, Generation 512K, Heap 2M
 Heap Min Capacity: 100M
 Heap Initial Capacity: 100M
 Heap Max Capacity: 512M
 Pre-touch: Disabled
 Parallel Workers: 1
Heap:
 PSYoungGen      total 49152K, used 22016K [0x00000000f5580000, 0x00000000fa100000, 0x0000000100000000)
  eden space 22016K, 100% used [0x00000000f5580000,0x00000000f6b00000,0x00000000f6b00000)
  from space 27136K, 0% used [0x00000000f6b00000,0x00000000f6b00000,0x00000000f8580000)
  to   space 16384K, 0% used [0x00000000f8580000,0x00000000f8580000,0x00000000f9580000)
 ParOldGen       total 349696K, used 349696K [0x00000000e0000000, 0x00000000f5580000, 0x00000000f5580000)
  object space 349696K, 100% used [0x00000000e0000000,0x00000000f5580000,0x00000000f5580000)
 Metaspace       used 60255K, committed 61120K, reserved 1105920K
  class space    used 5773K, committed 6080K, reserved 1048576K
GC Heap History (20 events):
Event: 962.902 GC heap before
{Heap before GC invocations=654 (full 566):
 PSYoungGen      total 49152K, used 22016K [0x00000000f5580000, 0x00000000fa100000, 0x0000000100000000)
  eden space 22016K, 100% used [0x00000000f5580000,0x00000000f6b00000,0x00000000f6b00000)
  from space 27136K, 0% used [0x00000000f6b00000,0x00000000f6b00000,0x00000000f8580000)
  to   space 16384K, 0% used [0x00000000f8580000,0x00000000f8580000,0x00000000f9580000)
 ParOldGen       total 349696K, used 349695K [0x00000000e0000000, 0x00000000f5580000, 0x00000000f5580000)
  object space 349696K, 99% used [0x00000000e0000000,0x00000000f557fff8,0x00000000f5580000)
 Metaspace       used 60255K, committed 61120K, reserved 1105920K
  class space    used 5773K, committed 6080K, reserved 1048576K
}
Event: 964.478 GC heap after
{Heap after GC invocations=654 (full 566):
 PSYoungGen      total 38400K, used 22016K [0x00000000f5580000, 0x00000000fa100000, 0x0000000100000000)
  eden space 22016K, 100% used [0x00000000f5580000,0x00000000f6b00000,0x00000000f6b00000)
  from space 16384K, 0% used [0x00000000f8580000,0x00000000f8580000,0x00000000f9580000)
  to   space 27136K, 0% used [0x00000000f6b00000,0x00000000f6b00000,0x00000000f8580000)
 ParOldGen       total 349696K, used 349695K [0x00000000e0000000, 0x00000000f5580000, 0x00000000f5580000)
  object space 349696K, 99% used [0x00000000e0000000,0x00000000f557fff8,0x00000000f5580000)
 Metaspace       used 60255K, committed 61120K, reserved 1105920K
  class space    used 5773K, committed 6080K, reserved 1048576K
}
Event: 964.478 GC heap before
{Heap before GC invocations=655 (full 567):
 PSYoungGen      total 38400K, used 22016K [0x00000000f5580000, 0x00000000fa100000, 0x0000000100000000)
  eden space 22016K, 100% used [0x00000000f5580000,0x00000000f6b00000,0x00000000f6b00000)
  from space 16384K, 0% used [0x00000000f8580000,0x00000000f8580000,0x00000000f9580000)
  to   space 27136K, 0% used [0x00000000f6b00000,0x00000000f6b00000,0x00000000f8580000)
 ParOldGen       total 349696K, used 349695K [0x00000000e0000000, 0x00000000f5580000, 0x00000000f5580000)
  object space 349696K, 99% used [0x00000000e0000000,0x00000000f557fff8,0x00000000f5580000)
 Metaspace       used 60255K, committed 61120K, reserved 1105920K
  class space    used 5773K, committed 6080K, reserved 1048576K
}
Event: 965.990 GC heap after
{Heap after GC invocations=655 (full 567):
 PSYoungGen      total 49152K, used 22016K [0x00000000f5580000, 0x00000000fa100000, 0x0000000100000000)
  eden space 22016K, 100% used [0x00000000f5580000,0x00000000f6b00000,0x00000000f6b00000)
  from space 27136K, 0% used [0x00000000f6b00000,0x00000000f6b00000,0x00000000f8580000)
  to   space 16384K, 0% used [0x00000000f8580000,0x00000000f8580000,0x00000000f9580000)
 ParOldGen       total 349696K, used 349695K [0x00000000e0000000, 0x00000000f5580000, 0x00000000f5580000)
  object space 349696K, 99% used [0x00000000e0000000,0x00000000f557fff8,0x00000000f5580000)
 Metaspace       used 60255K, committed 61120K, reserved 1105920K
  class space    used 5773K, committed 6080K, reserved 1048576K
}
Event: 965.991 GC heap before
{Heap before GC invocations=656 (full 568):
 PSYoungGen      total 49152K, used 22016K [0x00000000f5580000, 0x00000000fa100000, 0x0000000100000000)
  eden space 22016K, 100% used [0x00000000f5580000,0x00000000f6b00000,0x00000000f6b00000)
  from space 27136K, 0% used [0x00000000f6b00000,0x00000000f6b00000,0x00000000f8580000)
  to   space 16384K, 0% used [0x00000000f8580000,0x00000000f8580000,0x00000000f9580000)
 ParOldGen       total 349696K, used 349695K [0x00000000e0000000, 0x00000000f5580000, 0x00000000f5580000)
  object space 349696K, 99% used [0x00000000e0000000,0x00000000f557fff8,0x00000000f5580000)
 Metaspace       used 60255K, committed 61120K, reserved 1105920K
  class space    used 5773K, committed 6080K, reserved 1048576K
}
Event: 967.560 GC heap after
{Heap after GC invocations=656 (full 568):
 PSYoungGen      total 38400K, used 22016K [0x00000000f5580000, 0x00000000fa100000, 0x0000000100000000)
  eden space 22016K, 100% used [0x00000000f5580000,0x00000000f6b00000,0x00000000f6b00000)
  from space 16384K, 0% used [0x00000000f8580000,0x00000000f8580000,0x00000000f9580000)
  to   space 27136K, 0% used [0x00000000f6b00000,0x00000000f6b00000,0x00000000f8580000)
 ParOldGen       total 349696K, used 349695K [0x00000000e0000000, 0x00000000f5580000, 0x00000000f5580000)
  object space 349696K, 99% used [0x00000000e0000000,0x00000000f557fff8,0x00000000f5580000)
 Metaspace       used 60255K, committed 61120K, reserved 1105920K
  class space    used 5773K, committed 6080K, reserved 1048576K
}
Event: 967.560 GC heap before
{Heap before GC invocations=657 (full 569):
 PSYoungGen      total 38400K, used 22016K [0x00000000f5580000, 0x00000000fa100000, 0x0000000100000000)
  eden space 22016K, 100% used [0x00000000f5580000,0x00000000f6b00000,0x00000000f6b00000)
  from space 16384K, 0% used [0x00000000f8580000,0x00000000f8580000,0x00000000f9580000)
  to   space 27136K, 0% used [0x00000000f6b00000,0x00000000f6b00000,0x00000000f8580000)
 ParOldGen       total 349696K, used 349695K [0x00000000e0000000, 0x00000000f5580000, 0x00000000f5580000)
  object space 349696K, 99% used [0x00000000e0000000,0x00000000f557fff8,0x00000000f5580000)
 Metaspace       used 60255K, committed 61120K, reserved 1105920K
  class space    used 5773K, committed 6080K, reserved 1048576K
}
Event: 969.108 GC heap after
{Heap after GC invocations=657 (full 569):
 PSYoungGen      total 49152K, used 22016K [0x00000000f5580000, 0x00000000fa100000, 0x0000000100000000)
  eden space 22016K, 100% used [0x00000000f5580000,0x00000000f6b00000,0x00000000f6b00000)
  from space 27136K, 0% used [0x00000000f6b00000,0x00000000f6b00000,0x00000000f8580000)
  to   space 16384K, 0% used [0x00000000f8580000,0x00000000f8580000,0x00000000f9580000)
 ParOldGen       total 349696K, used 349695K [0x00000000e0000000, 0x00000000f5580000, 0x00000000f5580000)
  object space 349696K, 99% used [0x00000000e0000000,0x00000000f557fff8,0x00000000f5580000)
 Metaspace       used 60255K, committed 61120K, reserved 1105920K
  class space    used 5773K, committed 6080K, reserved 1048576K
}
Event: 969.109 GC heap before
{Heap before GC invocations=658 (full 570):
 PSYoungGen      total 49152K, used 22016K [0x00000000f5580000, 0x00000000fa100000, 0x0000000100000000)
  eden space 22016K, 100% used [0x00000000f5580000,0x00000000f6b00000,0x00000000f6b00000)
  from space 27136K, 0% used [0x00000000f6b00000,0x00000000f6b00000,0x00000000f8580000)
  to   space 16384K, 0% used [0x00000000f8580000,0x00000000f8580000,0x00000000f9580000)
 ParOldGen       total 349696K, used 349695K [0x00000000e0000000, 0x00000000f5580000, 0x00000000f5580000)
  object space 349696K, 99% used [0x00000000e0000000,0x00000000f557fff8,0x00000000f5580000)
 Metaspace       used 60255K, committed 61120K, reserved 1105920K
  class space    used 5773K, committed 6080K, reserved 1048576K
}
Event: 970.996 GC heap after
{Heap after GC invocations=658 (full 570):
 PSYoungGen      total 38400K, used 22016K [0x00000000f5580000, 0x00000000fa100000, 0x0000000100000000)
  eden space 22016K, 100% used [0x00000000f5580000,0x00000000f6b00000,0x00000000f6b00000)
  from space 16384K, 0% used [0x00000000f8580000,0x00000000f8580000,0x00000000f9580000)
  to   space 27136K, 0% used [0x00000000f6b00000,0x00000000f6b00000,0x00000000f8580000)
 ParOldGen       total 349696K, used 349694K [0x00000000e0000000, 0x00000000f5580000, 0x00000000f5580000)
  object space 349696K, 99% used [0x00000000e0000000,0x00000000f557fa58,0x00000000f5580000)
 Metaspace       used 60255K, committed 61120K, reserved 1105920K
  class space    used 5773K, committed 6080K, reserved 1048576K
}
Event: 970.998 GC heap before
{Heap before GC invocations=659 (full 571):
 PSYoungGen      total 38400K, used 22016K [0x00000000f5580000, 0x00000000fa100000, 0x0000000100000000)
  eden space 22016K, 100% used [0x00000000f5580000,0x00000000f6b00000,0x00000000f6b00000)
  from space 16384K, 0% used [0x00000000f8580000,0x00000000f8580000,0x00000000f9580000)
  to   space 27136K, 0% used [0x00000000f6b00000,0x00000000f6b00000,0x00000000f8580000)
 ParOldGen       total 349696K, used 349695K [0x00000000e0000000, 0x00000000f5580000, 0x00000000f5580000)
  object space 349696K, 99% used [0x00000000e0000000,0x00000000f557fff8,0x00000000f5580000)
 Metaspace       used 60255K, committed 61120K, reserved 1105920K
  class space    used 5773K, committed 6080K, reserved 1048576K
}
Event: 972.623 GC heap after
{Heap after GC invocations=659 (full 571):
 PSYoungGen      total 49152K, used 22016K [0x00000000f5580000, 0x00000000fa100000, 0x0000000100000000)
  eden space 22016K, 100% used [0x00000000f5580000,0x00000000f6b00000,0x00000000f6b00000)
  from space 27136K, 0% used [0x00000000f6b00000,0x00000000f6b00000,0x00000000f8580000)
  to   space 16384K, 0% used [0x00000000f8580000,0x00000000f8580000,0x00000000f9580000)
 ParOldGen       total 349696K, used 349695K [0x00000000e0000000, 0x00000000f5580000, 0x00000000f5580000)
  object space 349696K, 99% used [0x00000000e0000000,0x00000000f557ffe0,0x00000000f5580000)
 Metaspace       used 60255K, committed 61120K, reserved 1105920K
  class space    used 5773K, committed 6080K, reserved 1048576K
}
Event: 972.628 GC heap before
{Heap before GC invocations=660 (full 572):
 PSYoungGen      total 49152K, used 22016K [0x00000000f5580000, 0x00000000fa100000, 0x0000000100000000)
  eden space 22016K, 100% used [0x00000000f5580000,0x00000000f6b00000,0x00000000f6b00000)
  from space 27136K, 0% used [0x00000000f6b00000,0x00000000f6b00000,0x00000000f8580000)
  to   space 16384K, 0% used [0x00000000f8580000,0x00000000f8580000,0x00000000f9580000)
 ParOldGen       total 349696K, used 349696K [0x00000000e0000000, 0x00000000f5580000, 0x00000000f5580000)
  object space 349696K, 100% used [0x00000000e0000000,0x00000000f5580000,0x00000000f5580000)
 Metaspace       used 60255K, committed 61120K, reserved 1105920K
  class space    used 5773K, committed 6080K, reserved 1048576K
}
Event: 974.475 GC heap after
{Heap after GC invocations=660 (full 572):
 PSYoungGen      total 38400K, used 22016K [0x00000000f5580000, 0x00000000fa100000, 0x0000000100000000)
  eden space 22016K, 100% used [0x00000000f5580000,0x00000000f6b00000,0x00000000f6b00000)
  from space 16384K, 0% used [0x00000000f8580000,0x00000000f8580000,0x00000000f9580000)
  to   space 27136K, 0% used [0x00000000f6b00000,0x00000000f6b00000,0x00000000f8580000)
 ParOldGen       total 349696K, used 349696K [0x00000000e0000000, 0x00000000f5580000, 0x00000000f5580000)
  object space 349696K, 100% used [0x00000000e0000000,0x00000000f5580000,0x00000000f5580000)
 Metaspace       used 60255K, committed 61120K, reserved 1105920K
  class space    used 5773K, committed 6080K, reserved 1048576K
}
Event: 974.475 GC heap before
{Heap before GC invocations=661 (full 573):
 PSYoungGen      total 38400K, used 22016K [0x00000000f5580000, 0x00000000fa100000, 0x0000000100000000)
  eden space 22016K, 100% used [0x00000000f5580000,0x00000000f6b00000,0x00000000f6b00000)
  from space 16384K, 0% used [0x00000000f8580000,0x00000000f8580000,0x00000000f9580000)
  to   space 27136K, 0% used [0x00000000f6b00000,0x00000000f6b00000,0x00000000f8580000)
 ParOldGen       total 349696K, used 349696K [0x00000000e0000000, 0x00000000f5580000, 0x00000000f5580000)
  object space 349696K, 100% used [0x00000000e0000000,0x00000000f5580000,0x00000000f5580000)
 Metaspace       used 60255K, committed 61120K, reserved 1105920K
  class space    used 5773K, committed 6080K, reserved 1048576K
}
Event: 976.176 GC heap after
{Heap after GC invocations=661 (full 573):
 PSYoungGen      total 49152K, used 22016K [0x00000000f5580000, 0x00000000fa100000, 0x0000000100000000)
  eden space 22016K, 100% used [0x00000000f5580000,0x00000000f6b00000,0x00000000f6b00000)
  from space 27136K, 0% used [0x00000000f6b00000,0x00000000f6b00000,0x00000000f8580000)
  to   space 16384K, 0% used [0x00000000f8580000,0x00000000f8580000,0x00000000f9580000)
 ParOldGen       total 349696K, used 349696K [0x00000000e0000000, 0x00000000f5580000, 0x00000000f5580000)
  object space 349696K, 100% used [0x00000000e0000000,0x00000000f5580000,0x00000000f5580000)
 Metaspace       used 60255K, committed 61120K, reserved 1105920K
  class space    used 5773K, committed 6080K, reserved 1048576K
}
Event: 976.178 GC heap before
{Heap before GC invocations=662 (full 574):
 PSYoungGen      total 49152K, used 22016K [0x00000000f5580000, 0x00000000fa100000, 0x0000000100000000)
  eden space 22016K, 100% used [0x00000000f5580000,0x00000000f6b00000,0x00000000f6b00000)
  from space 27136K, 0% used [0x00000000f6b00000,0x00000000f6b00000,0x00000000f8580000)
  to   space 16384K, 0% used [0x00000000f8580000,0x00000000f8580000,0x00000000f9580000)
 ParOldGen       total 349696K, used 349696K [0x00000000e0000000, 0x00000000f5580000, 0x00000000f5580000)
  object space 349696K, 100% used [0x00000000e0000000,0x00000000f5580000,0x00000000f5580000)
 Metaspace       used 60255K, committed 61120K, reserved 1105920K
  class space    used 5773K, committed 6080K, reserved 1048576K
}
Event: 977.992 GC heap after
{Heap after GC invocations=662 (full 574):
 PSYoungGen      total 38400K, used 22016K [0x00000000f5580000, 0x00000000fa100000, 0x0000000100000000)
  eden space 22016K, 100% used [0x00000000f5580000,0x00000000f6b00000,0x00000000f6b00000)
  from space 16384K, 0% used [0x00000000f8580000,0x00000000f8580000,0x00000000f9580000)
  to   space 27136K, 0% used [0x00000000f6b00000,0x00000000f6b00000,0x00000000f8580000)
 ParOldGen       total 349696K, used 349696K [0x00000000e0000000, 0x00000000f5580000, 0x00000000f5580000)
  object space 349696K, 100% used [0x00000000e0000000,0x00000000f5580000,0x00000000f5580000)
 Metaspace       used 60255K, committed 61120K, reserved 1105920K
  class space    used 5773K, committed 6080K, reserved 1048576K
}
Event: 977.992 GC heap before
{Heap before GC invocations=663 (full 575):
 PSYoungGen      total 38400K, used 22016K [0x00000000f5580000, 0x00000000fa100000, 0x0000000100000000)
  eden space 22016K, 100% used [0x00000000f5580000,0x00000000f6b00000,0x00000000f6b00000)
  from space 16384K, 0% used [0x00000000f8580000,0x00000000f8580000,0x00000000f9580000)
  to   space 27136K, 0% used [0x00000000f6b00000,0x00000000f6b00000,0x00000000f8580000)
 ParOldGen       total 349696K, used 349696K [0x00000000e0000000, 0x00000000f5580000, 0x00000000f5580000)
  object space 349696K, 100% used [0x00000000e0000000,0x00000000f5580000,0x00000000f5580000)
 Metaspace       used 60255K, committed 61120K, reserved 1105920K
  class space    used 5773K, committed 6080K, reserved 1048576K
}
Event: 979.486 GC heap after
{Heap after GC invocations=663 (full 575):
 PSYoungGen      total 49152K, used 22016K [0x00000000f5580000, 0x00000000fa100000, 0x0000000100000000)
  eden space 22016K, 100% used [0x00000000f5580000,0x00000000f6b00000,0x00000000f6b00000)
  from space 27136K, 0% used [0x00000000f6b00000,0x00000000f6b00000,0x00000000f8580000)
  to   space 16384K, 0% used [0x00000000f8580000,0x00000000f8580000,0x00000000f9580000)
 ParOldGen       total 349696K, used 349696K [0x00000000e0000000, 0x00000000f5580000, 0x00000000f5580000)
  object space 349696K, 100% used [0x00000000e0000000,0x00000000f5580000,0x00000000f5580000)
 Metaspace       used 60255K, committed 61120K, reserved 1105920K
  class space    used 5773K, committed 6080K, reserved 1048576K
}

